<?xml version="1.0" encoding="UTF-8"?>
<testsuites tests="2" failures="0" disabled="0" errors="0" time="0.005" name="AllTests">
  <testsuite name="XAConfigTests" tests="2" failures="0" disabled="0" errors="0" time="0.003">
    <testcase name="XAConfig_Is_A_Singleton" value_param="" type_param="" status="run" time="0.002" classname="XAConfigTests" />
    <testcase name="PrinterConfigPath_Is_Correct" value_param="" type_param="" status="run" time="0" classname="XAConfigTests" />
  </testsuite>
</testsuites>
