<?xml version="1.0" encoding="UTF-8"?>
<testsuites tests="5" failures="0" disabled="0" errors="0" time="0.003" name="AllTests">
  <testsuite name="XAFilmingSerializerTests" tests="5" failures="0" disabled="0" errors="0" time="0.002">
    <testcase name="EmptyString_Serailize_and_Deserialize" value_param="" type_param="" status="run" time="0" classname="XAFilmingSerializerTests" />
    <testcase name="OneString_Serailize_and_Deserialize" value_param="" type_param="" status="run" time="0" classname="XAFilmingSerializerTests" />
    <testcase name="MultiString_Serailize_and_Deserialize" value_param="" type_param="" status="run" time="0" classname="XAFilmingSerializerTests" />
    <testcase name="String_To_Int" value_param="" type_param="" status="run" time="0" classname="XAFilmingSerializerTests" />
    <testcase name="Int_To_String" value_param="" type_param="" status="run" time="0" classname="XAFilmingSerializerTests" />
  </testsuite>
</testsuites>
