<?xml version="1.0" encoding="UTF-8"?>
<testsuites tests="3" failures="0" disabled="0" errors="0" timestamp="2017-10-07T23:33:27" time="0.006" name="AllTests">
  <testsuite name="XAFilmingInterfaceTests" tests="3" failures="0" disabled="0" errors="0" time="0.002">
    <testcase name="Job_Status_Priority" status="run" time="0" classname="XAFilmingInterfaceTests" />
    <testcase name="Job_Priority" status="run" time="0" classname="XAFilmingInterfaceTests" />
    <testcase name="Job_ID_Priority" status="run" time="0" classname="XAFilmingInterfaceTests" />
  </testsuite>
</testsuites>
